This file contains any messages produced by compilers while
running configure, to aid debugging if configure makes a mistake.

It was created by igraph configure 0.5.4, which was
generated by GNU Autoconf 2.61.  Invocation command line was

  $ ./configure 

## --------- ##
## Platform. ##
## --------- ##

hostname = needleman.cgrb.oregonstate.local
uname -m = x86_64
uname -r = 2.6.32-220.el6.x86_64
uname -s = Linux
uname -v = #1 SMP Tue Dec 6 19:48:22 GMT 2011

/usr/bin/uname -p = unknown
/bin/uname -X     = unknown

/bin/arch              = x86_64
/usr/bin/arch -k       = unknown
/usr/convex/getsysinfo = unknown
/usr/bin/hostinfo      = unknown
/bin/machine           = unknown
/usr/bin/oslevel       = unknown
/bin/universe          = unknown

PATH: /home/bpp/megrawm/bin
PATH: /local/cluster/sge/bin/lx24-amd64
PATH: /usr/lib64/qt-3.3/bin
PATH: /usr/local/bin
PATH: /bin
PATH: /usr/bin
PATH: /usr/local/sbin
PATH: /usr/sbin
PATH: /sbin


## ----------- ##
## Core tests. ##
## ----------- ##

configure:1764: checking for gcc
configure:1780: found /usr/bin/gcc
configure:1791: result: gcc
configure:2029: checking for C compiler version
configure:2036: gcc --version >&5
gcc (GCC) 4.4.6 20110731 (Red Hat 4.4.6-3)
Copyright (C) 2010 Free Software Foundation, Inc.
This is free software; see the source for copying conditions.  There is NO
warranty; not even for MERCHANTABILITY or FITNESS FOR A PARTICULAR PURPOSE.

configure:2039: $? = 0
configure:2046: gcc -v >&5
Using built-in specs.
Target: x86_64-redhat-linux
Configured with: ../configure --prefix=/usr --mandir=/usr/share/man --infodir=/usr/share/info --with-bugurl=http://bugzilla.redhat.com/bugzilla --enable-bootstrap --enable-shared --enable-threads=posix --enable-checking=release --with-system-zlib --enable-__cxa_atexit --disable-libunwind-exceptions --enable-gnu-unique-object --enable-languages=c,c++,objc,obj-c++,java,fortran,ada --enable-java-awt=gtk --disable-dssi --with-java-home=/usr/lib/jvm/java-1.5.0-gcj-1.5.0.0/jre --enable-libgcj-multifile --enable-java-maintainer-mode --with-ecj-jar=/usr/share/java/eclipse-ecj.jar --disable-libjava-multilib --with-ppl --with-cloog --with-tune=generic --with-arch_32=i686 --build=x86_64-redhat-linux
Thread model: posix
gcc version 4.4.6 20110731 (Red Hat 4.4.6-3) (GCC) 
configure:2049: $? = 0
configure:2056: gcc -V >&5
gcc: '-V' option must have argument
configure:2059: $? = 1
configure:2082: checking for C compiler default output file name
configure:2109: gcc    conftest.c  >&5
configure:2112: $? = 0
configure:2150: result: a.out
configure:2167: checking whether the C compiler works
configure:2177: ./a.out
configure:2180: $? = 0
configure:2197: result: yes
configure:2204: checking whether we are cross compiling
configure:2206: result: no
configure:2209: checking for suffix of executables
configure:2216: gcc -o conftest    conftest.c  >&5
configure:2219: $? = 0
configure:2243: result: 
configure:2249: checking for suffix of object files
configure:2275: gcc -c   conftest.c >&5
configure:2278: $? = 0
configure:2301: result: o
configure:2305: checking whether we are using the GNU C compiler
configure:2334: gcc -c   conftest.c >&5
configure:2340: $? = 0
configure:2357: result: yes
configure:2362: checking whether gcc accepts -g
configure:2392: gcc -c -g  conftest.c >&5
configure:2398: $? = 0
configure:2497: result: yes
configure:2514: checking for gcc option to accept ISO C89
configure:2588: gcc  -c -g -O2  conftest.c >&5
configure:2594: $? = 0
configure:2617: result: none needed
configure:2696: checking for g++
configure:2712: found /usr/bin/g++
configure:2723: result: g++
configure:2754: checking for C++ compiler version
configure:2761: g++ --version >&5
g++ (GCC) 4.4.6 20110731 (Red Hat 4.4.6-3)
Copyright (C) 2010 Free Software Foundation, Inc.
This is free software; see the source for copying conditions.  There is NO
warranty; not even for MERCHANTABILITY or FITNESS FOR A PARTICULAR PURPOSE.

configure:2764: $? = 0
configure:2771: g++ -v >&5
Using built-in specs.
Target: x86_64-redhat-linux
Configured with: ../configure --prefix=/usr --mandir=/usr/share/man --infodir=/usr/share/info --with-bugurl=http://bugzilla.redhat.com/bugzilla --enable-bootstrap --enable-shared --enable-threads=posix --enable-checking=release --with-system-zlib --enable-__cxa_atexit --disable-libunwind-exceptions --enable-gnu-unique-object --enable-languages=c,c++,objc,obj-c++,java,fortran,ada --enable-java-awt=gtk --disable-dssi --with-java-home=/usr/lib/jvm/java-1.5.0-gcj-1.5.0.0/jre --enable-libgcj-multifile --enable-java-maintainer-mode --with-ecj-jar=/usr/share/java/eclipse-ecj.jar --disable-libjava-multilib --with-ppl --with-cloog --with-tune=generic --with-arch_32=i686 --build=x86_64-redhat-linux
Thread model: posix
gcc version 4.4.6 20110731 (Red Hat 4.4.6-3) (GCC) 
configure:2774: $? = 0
configure:2781: g++ -V >&5
g++: '-V' option must have argument
configure:2784: $? = 1
configure:2787: checking whether we are using the GNU C++ compiler
configure:2816: g++ -c   conftest.cpp >&5
configure:2822: $? = 0
configure:2839: result: yes
configure:2844: checking whether g++ accepts -g
configure:2874: g++ -c -g  conftest.cpp >&5
configure:2880: $? = 0
configure:2979: result: yes
configure:3032: g++ -c -g -O2  conftest.cpp >&5
configure:3038: $? = 0
configure:3048: checking how to run the C++ preprocessor
configure:3084: g++ -E  conftest.cpp
configure:3090: $? = 0
configure:3121: g++ -E  conftest.cpp
conftest.cpp:8:28: error: ac_nonexistent.h: No such file or directory
configure:3127: $? = 1
configure: failed program was:
| /* confdefs.h.  */
| #define PACKAGE_NAME "igraph"
| #define PACKAGE_TARNAME "igraph"
| #define PACKAGE_VERSION "0.5.4"
| #define PACKAGE_STRING "igraph 0.5.4"
| #define PACKAGE_BUGREPORT "csardi@rmki.kfki.hu"
| /* end confdefs.h.  */
| #include <ac_nonexistent.h>
configure:3160: result: g++ -E
configure:3189: g++ -E  conftest.cpp
configure:3195: $? = 0
configure:3226: g++ -E  conftest.cpp
conftest.cpp:8:28: error: ac_nonexistent.h: No such file or directory
configure:3232: $? = 1
configure: failed program was:
| /* confdefs.h.  */
| #define PACKAGE_NAME "igraph"
| #define PACKAGE_TARNAME "igraph"
| #define PACKAGE_VERSION "0.5.4"
| #define PACKAGE_STRING "igraph 0.5.4"
| #define PACKAGE_BUGREPORT "csardi@rmki.kfki.hu"
| /* end confdefs.h.  */
| #include <ac_nonexistent.h>
configure:3292: checking for fmemopen
configure:3348: gcc -o conftest -g -O2   conftest.c  >&5
configure:3354: $? = 0
configure:3372: result: yes
configure:3390: checking for open_memstream
configure:3446: gcc -o conftest -g -O2   conftest.c  >&5
configure:3452: $? = 0
configure:3470: result: yes
configure:3490: checking for rintf
configure:3546: gcc -o conftest -g -O2   conftest.c  -lm >&5
conftest.c:33: warning: conflicting types for built-in function 'rintf'
configure:3552: $? = 0
configure:3570: result: yes
configure:3586: checking for finite
configure:3642: gcc -o conftest -g -O2   conftest.c  -lm >&5
conftest.c:34: warning: conflicting types for built-in function 'finite'
configure:3648: $? = 0
configure:3666: result: yes
configure:3682: checking for expm1
configure:3738: gcc -o conftest -g -O2   conftest.c  -lm >&5
conftest.c:35: warning: conflicting types for built-in function 'expm1'
configure:3744: $? = 0
configure:3762: result: yes
configure:3778: checking for rint
configure:3834: gcc -o conftest -g -O2   conftest.c  -lm >&5
conftest.c:36: warning: conflicting types for built-in function 'rint'
configure:3840: $? = 0
configure:3858: result: yes
configure:3874: checking for log2
configure:3930: gcc -o conftest -g -O2   conftest.c  -lm >&5
conftest.c:37: warning: conflicting types for built-in function 'log2'
configure:3936: $? = 0
configure:3954: result: yes
configure:3970: checking for logbl
configure:4026: gcc -o conftest -g -O2   conftest.c  -lm >&5
conftest.c:38: warning: conflicting types for built-in function 'logbl'
configure:4032: $? = 0
configure:4050: result: yes
configure:4066: checking for snprintf
configure:4122: gcc -o conftest -g -O2   conftest.c  -lm >&5
conftest.c:39: warning: conflicting types for built-in function 'snprintf'
configure:4128: $? = 0
configure:4146: result: yes
configure:4162: checking for log1p
configure:4218: gcc -o conftest -g -O2   conftest.c  -lm >&5
conftest.c:40: warning: conflicting types for built-in function 'log1p'
configure:4224: $? = 0
configure:4242: result: yes
configure:4258: checking for round
configure:4314: gcc -o conftest -g -O2   conftest.c  -lm >&5
conftest.c:41: warning: conflicting types for built-in function 'round'
configure:4320: $? = 0
configure:4338: result: yes
configure:4354: checking for fmin
configure:4410: gcc -o conftest -g -O2   conftest.c  -lm >&5
conftest.c:42: warning: conflicting types for built-in function 'fmin'
configure:4416: $? = 0
configure:4434: result: yes
configure:4455: checking how to run the C preprocessor
configure:4495: gcc -E  conftest.c
configure:4501: $? = 0
configure:4532: gcc -E  conftest.c
conftest.c:20:28: error: ac_nonexistent.h: No such file or directory
configure:4538: $? = 1
configure: failed program was:
| /* confdefs.h.  */
| #define PACKAGE_NAME "igraph"
| #define PACKAGE_TARNAME "igraph"
| #define PACKAGE_VERSION "0.5.4"
| #define PACKAGE_STRING "igraph 0.5.4"
| #define PACKAGE_BUGREPORT "csardi@rmki.kfki.hu"
| #define HAVE_FMEMOPEN 1
| #define HAVE_OPEN_MEMSTREAM 1
| #define HAVE_RINTF 1
| #define HAVE_FINITE 1
| #define HAVE_EXPM1 1
| #define HAVE_RINT 1
| #define HAVE_LOG2 1
| #define HAVE_LOGBL 1
| #define HAVE_SNPRINTF 1
| #define HAVE_LOG1P 1
| #define HAVE_ROUND 1
| #define HAVE_FMIN 1
| /* end confdefs.h.  */
| #include <ac_nonexistent.h>
configure:4571: result: gcc -E
configure:4600: gcc -E  conftest.c
configure:4606: $? = 0
configure:4637: gcc -E  conftest.c
conftest.c:20:28: error: ac_nonexistent.h: No such file or directory
configure:4643: $? = 1
configure: failed program was:
| /* confdefs.h.  */
| #define PACKAGE_NAME "igraph"
| #define PACKAGE_TARNAME "igraph"
| #define PACKAGE_VERSION "0.5.4"
| #define PACKAGE_STRING "igraph 0.5.4"
| #define PACKAGE_BUGREPORT "csardi@rmki.kfki.hu"
| #define HAVE_FMEMOPEN 1
| #define HAVE_OPEN_MEMSTREAM 1
| #define HAVE_RINTF 1
| #define HAVE_FINITE 1
| #define HAVE_EXPM1 1
| #define HAVE_RINT 1
| #define HAVE_LOG2 1
| #define HAVE_LOGBL 1
| #define HAVE_SNPRINTF 1
| #define HAVE_LOG1P 1
| #define HAVE_ROUND 1
| #define HAVE_FMIN 1
| /* end confdefs.h.  */
| #include <ac_nonexistent.h>
configure:4681: checking for grep that handles long lines and -e
configure:4755: result: /bin/grep
configure:4760: checking for egrep
configure:4838: result: /bin/grep -E
configure:4843: checking for ANSI C header files
configure:4873: gcc -c -g -O2  conftest.c >&5
configure:4879: $? = 0
configure:4978: gcc -o conftest -g -O2   conftest.c  >&5
configure:4981: $? = 0
configure:4987: ./conftest
configure:4990: $? = 0
configure:5007: result: yes
configure:5031: checking for sys/types.h
configure:5052: gcc -c -g -O2  conftest.c >&5
configure:5058: $? = 0
configure:5074: result: yes
configure:5031: checking for sys/stat.h
configure:5052: gcc -c -g -O2  conftest.c >&5
configure:5058: $? = 0
configure:5074: result: yes
configure:5031: checking for stdlib.h
configure:5052: gcc -c -g -O2  conftest.c >&5
configure:5058: $? = 0
configure:5074: result: yes
configure:5031: checking for string.h
configure:5052: gcc -c -g -O2  conftest.c >&5
configure:5058: $? = 0
configure:5074: result: yes
configure:5031: checking for memory.h
configure:5052: gcc -c -g -O2  conftest.c >&5
configure:5058: $? = 0
configure:5074: result: yes
configure:5031: checking for strings.h
configure:5052: gcc -c -g -O2  conftest.c >&5
configure:5058: $? = 0
configure:5074: result: yes
configure:5031: checking for inttypes.h
configure:5052: gcc -c -g -O2  conftest.c >&5
configure:5058: $? = 0
configure:5074: result: yes
configure:5031: checking for stdint.h
configure:5052: gcc -c -g -O2  conftest.c >&5
configure:5058: $? = 0
configure:5074: result: yes
configure:5031: checking for unistd.h
configure:5052: gcc -c -g -O2  conftest.c >&5
configure:5058: $? = 0
configure:5074: result: yes
configure:5096: checking sys/times.h usability
configure:5113: gcc -c -g -O2  conftest.c >&5
configure:5119: $? = 0
configure:5133: result: yes
configure:5137: checking sys/times.h presence
configure:5152: gcc -E  conftest.c
configure:5158: $? = 0
configure:5172: result: yes
configure:5205: checking for sys/times.h
configure:5212: result: yes
configure:5239: checking for xml2-config
configure:5257: found /usr/bin/xml2-config
configure:5270: result: /usr/bin/xml2-config
configure:5283: checking for xmlSAXUserParseFile in -lxml2
configure:5318: gcc -o conftest -g -O2   conftest.c -lxml2   >&5
configure:5324: $? = 0
configure:5342: result: yes
configure:5360: checking libxml/parser.h usability
configure:5377: gcc -c -I/usr/include/libxml2 -I/usr/include/libxml2 conftest.c >&5
configure:5383: $? = 0
configure:5397: result: yes
configure:5401: checking libxml/parser.h presence
configure:5416: gcc -E -I/usr/include/libxml2 conftest.c
configure:5422: $? = 0
configure:5436: result: yes
configure:5469: checking for libxml/parser.h
configure:5476: result: yes
configure:5522: checking for __gmpz_add in -lgmp
configure:5557: gcc -o conftest -g -O2 -I/usr/include/libxml2 -g -O2 -I/usr/include/libxml2  conftest.c -lgmp   >&5
configure:5563: $? = 0
configure:5581: result: yes
configure:5595: checking gmp.h usability
configure:5612: gcc -c -g -O2 -I/usr/include/libxml2 -g -O2 -I/usr/include/libxml2 conftest.c >&5
configure:5618: $? = 0
configure:5632: result: yes
configure:5636: checking gmp.h presence
configure:5651: gcc -E -g -O2 -I/usr/include/libxml2 conftest.c
configure:5657: $? = 0
configure:5671: result: yes
configure:5704: checking for gmp.h
configure:5711: result: yes
configure:5839: creating ./config.status

## ---------------------- ##
## Running config.status. ##
## ---------------------- ##

This file was extended by igraph config.status 0.5.4, which was
generated by GNU Autoconf 2.61.  Invocation command line was

  CONFIG_FILES    = 
  CONFIG_HEADERS  = 
  CONFIG_LINKS    = 
  CONFIG_COMMANDS = 
  $ ./config.status 

on needleman.cgrb.oregonstate.local

config.status:606: creating R/config.R
config.status:606: creating src/Makevars
config.status:606: creating src/config.h
config.status:834: src/config.h is unchanged

## ---------------- ##
## Cache variables. ##
## ---------------- ##

ac_cv_c_compiler_gnu=yes
ac_cv_cxx_compiler_gnu=yes
ac_cv_env_CCC_set=
ac_cv_env_CCC_value=
ac_cv_env_CC_set=
ac_cv_env_CC_value=
ac_cv_env_CFLAGS_set=
ac_cv_env_CFLAGS_value=
ac_cv_env_CPPFLAGS_set=
ac_cv_env_CPPFLAGS_value=
ac_cv_env_CPP_set=
ac_cv_env_CPP_value=
ac_cv_env_CXXCPP_set=
ac_cv_env_CXXCPP_value=
ac_cv_env_CXXFLAGS_set=
ac_cv_env_CXXFLAGS_value=
ac_cv_env_CXX_set=
ac_cv_env_CXX_value=
ac_cv_env_LDFLAGS_set=
ac_cv_env_LDFLAGS_value=
ac_cv_env_LIBS_set=
ac_cv_env_LIBS_value=
ac_cv_env_build_alias_set=
ac_cv_env_build_alias_value=
ac_cv_env_host_alias_set=
ac_cv_env_host_alias_value=
ac_cv_env_target_alias_set=
ac_cv_env_target_alias_value=
ac_cv_func_expm1=yes
ac_cv_func_finite=yes
ac_cv_func_fmemopen=yes
ac_cv_func_fmin=yes
ac_cv_func_log1p=yes
ac_cv_func_log2=yes
ac_cv_func_logbl=yes
ac_cv_func_open_memstream=yes
ac_cv_func_rint=yes
ac_cv_func_rintf=yes
ac_cv_func_round=yes
ac_cv_func_snprintf=yes
ac_cv_header_gmp_h=yes
ac_cv_header_inttypes_h=yes
ac_cv_header_libxml_parser_h=yes
ac_cv_header_memory_h=yes
ac_cv_header_stdc=yes
ac_cv_header_stdint_h=yes
ac_cv_header_stdlib_h=yes
ac_cv_header_string_h=yes
ac_cv_header_strings_h=yes
ac_cv_header_sys_stat_h=yes
ac_cv_header_sys_times_h=yes
ac_cv_header_sys_types_h=yes
ac_cv_header_unistd_h=yes
ac_cv_lib_gmp___gmpz_add=yes
ac_cv_lib_xml2_xmlSAXUserParseFile=yes
ac_cv_objext=o
ac_cv_path_EGREP='/bin/grep -E'
ac_cv_path_GREP=/bin/grep
ac_cv_path_XML2CONFIG=/usr/bin/xml2-config
ac_cv_prog_CPP='gcc -E'
ac_cv_prog_CXXCPP='g++ -E'
ac_cv_prog_ac_ct_CC=gcc
ac_cv_prog_ac_ct_CXX=g++
ac_cv_prog_cc_c89=
ac_cv_prog_cc_g=yes
ac_cv_prog_cxx_g=yes

## ----------------- ##
## Output variables. ##
## ----------------- ##

CC='gcc'
CFLAGS='-g -O2 -I/usr/include/libxml2'
CPP='gcc -E'
CPPFLAGS='-g -O2 -I/usr/include/libxml2'
CXX='g++'
CXXCPP='g++ -E'
CXXFLAGS='-g -O2'
DEFS='-DHAVE_CONFIG_H'
ECHO_C=''
ECHO_N='-n'
ECHO_T=''
EGREP='/bin/grep -E'
EXEEXT=''
GMP_LIBS='-lgmp'
GREP='/bin/grep'
HAVE_FINITE='1'
HAVE_FMEMOPEN='1'
HAVE_GMP='1'
HAVE_LIBXML='1'
HAVE_OPEN_MEMSTREAM='1'
HAVE_RINTF='1'
LDFLAGS=''
LIBOBJS=''
LIBS=''
LTLIBOBJS=''
OBJEXT='o'
PACKAGE_BUGREPORT='csardi@rmki.kfki.hu'
PACKAGE_NAME='igraph'
PACKAGE_STRING='igraph 0.5.4'
PACKAGE_TARNAME='igraph'
PACKAGE_VERSION='0.5.4'
PATH_SEPARATOR=':'
SHELL='/bin/sh'
XML2CONFIG='/usr/bin/xml2-config'
XML2_CFLAGS='-I/usr/include/libxml2'
XML2_LIBS='-lxml2 -lz -lm'
ac_ct_CC='gcc'
ac_ct_CXX='g++'
bindir='${exec_prefix}/bin'
build_alias=''
datadir='${datarootdir}'
datarootdir='${prefix}/share'
docdir='${datarootdir}/doc/${PACKAGE_TARNAME}'
dvidir='${docdir}'
exec_prefix='${prefix}'
host_alias=''
htmldir='${docdir}'
includedir='${prefix}/include'
infodir='${datarootdir}/info'
libdir='${exec_prefix}/lib'
libexecdir='${exec_prefix}/libexec'
localedir='${datarootdir}/locale'
localstatedir='${prefix}/var'
mandir='${datarootdir}/man'
oldincludedir='/usr/include'
pdfdir='${docdir}'
prefix='/usr/local'
program_transform_name='s,x,x,'
psdir='${docdir}'
sbindir='${exec_prefix}/sbin'
sharedstatedir='${prefix}/com'
sysconfdir='${prefix}/etc'
target_alias=''

## ----------- ##
## confdefs.h. ##
## ----------- ##

#define PACKAGE_NAME "igraph"
#define PACKAGE_TARNAME "igraph"
#define PACKAGE_VERSION "0.5.4"
#define PACKAGE_STRING "igraph 0.5.4"
#define PACKAGE_BUGREPORT "csardi@rmki.kfki.hu"
#define HAVE_FMEMOPEN 1
#define HAVE_OPEN_MEMSTREAM 1
#define HAVE_RINTF 1
#define HAVE_FINITE 1
#define HAVE_EXPM1 1
#define HAVE_RINT 1
#define HAVE_LOG2 1
#define HAVE_LOGBL 1
#define HAVE_SNPRINTF 1
#define HAVE_LOG1P 1
#define HAVE_ROUND 1
#define HAVE_FMIN 1
#define STDC_HEADERS 1
#define HAVE_SYS_TYPES_H 1
#define HAVE_SYS_STAT_H 1
#define HAVE_STDLIB_H 1
#define HAVE_STRING_H 1
#define HAVE_MEMORY_H 1
#define HAVE_STRINGS_H 1
#define HAVE_INTTYPES_H 1
#define HAVE_STDINT_H 1
#define HAVE_UNISTD_H 1
#define HAVE_TIMES_H 1
#define HAVE_LIBXML 1
#define HAVE_GMP 1

configure: exit 0
